<?xml version="1.0" encoding="UTF-8"?>
<!-- Generated by org.testng.reporters.JUnitReportReporter -->
<testsuite skipped="21" hostname="Preethis-MBP.fios-router.home" name="testNYPpages.testMainPage" tests="22" failures="0" timestamp="30 Mar 2019 03:37:26 GMT" time="0.085" errors="1">
  <testcase name="AboutUs" time="0.000" classname="testNYPpages.testMainPage">
    <skipped/>
  </testcase> <!-- AboutUs -->
  <testcase name="Employees" time="0.000" classname="testNYPpages.testMainPage">
    <skipped/>
  </testcase> <!-- Employees -->
  <testcase name="Visitors" time="0.000" classname="testNYPpages.testMainPage">
    <skipped/>
  </testcase> <!-- Visitors -->
  <testcase name="GiveToNYP" time="0.000" classname="testNYPpages.testMainPage">
    <skipped/>
  </testcase> <!-- GiveToNYP -->
  <testcase name="ForProfessionals" time="0.000" classname="testNYPpages.testMainPage">
    <skipped/>
  </testcase> <!-- ForProfessionals -->
  <testcase name="PayMyBill" time="0.000" classname="testNYPpages.testMainPage">
    <skipped/>
  </testcase> <!-- PayMyBill -->
  <testcase name="Careers" time="0.000" classname="testNYPpages.testMainPage">
    <skipped/>
  </testcase> <!-- Careers -->
  <testcase name="TestFindADoctor" time="0.000" classname="testNYPpages.testMainPage">
    <skipped/>
  </testcase> <!-- TestFindADoctor -->
  <testcase name="FacebookIcon" time="0.000" classname="testNYPpages.testMainPage">
    <skipped/>
  </testcase> <!-- FacebookIcon -->
  <testcase name="ContactUs" time="0.000" classname="testNYPpages.testMainPage">
    <skipped/>
  </testcase> <!-- ContactUs -->
  <testcase name="TestLogo" time="0.000" classname="testNYPpages.testMainPage">
    <skipped/>
  </testcase> <!-- TestLogo -->
  <testcase name="InstagramIcon" time="0.000" classname="testNYPpages.testMainPage">
    <skipped/>
  </testcase> <!-- InstagramIcon -->
  <testcase name="TestOurServices" time="0.000" classname="testNYPpages.testMainPage">
    <skipped/>
  </testcase> <!-- TestOurServices -->
  <testcase name="UrgentCare" time="0.000" classname="testNYPpages.testMainPage">
    <skipped/>
  </testcase> <!-- UrgentCare -->
  <testcase name="ClinicalTrials" time="0.000" classname="testNYPpages.testMainPage">
    <skipped/>
  </testcase> <!-- ClinicalTrials -->
  <testcase name="ForVendors" time="0.000" classname="testNYPpages.testMainPage">
    <skipped/>
  </testcase> <!-- ForVendors -->
  <testcase name="NewsRoom" time="0.000" classname="testNYPpages.testMainPage">
    <skipped/>
  </testcase> <!-- NewsRoom -->
  <testcase name="setUp" time="0.084" classname="testNYPpages.testMainPage">
    <error type="java.lang.IllegalStateException" message="The path to the driver executable must be set by the webdriver.chrome.driver system property; for more information, see https://github.com/SeleniumHQ/selenium/wiki/ChromeDriver. The latest version can be downloaded from http://chromedriver.storage.googleapis.com/index.html">
      <![CDATA[java.lang.IllegalStateException: The path to the driver executable must be set by the webdriver.chrome.driver system property; for more information, see https://github.com/SeleniumHQ/selenium/wiki/ChromeDriver. The latest version can be downloaded from http://chromedriver.storage.googleapis.com/index.html
at com.google.common.base.Preconditions.checkState(Preconditions.java:847)
at org.openqa.selenium.remote.service.DriverService.findExecutable(DriverService.java:134)
at org.openqa.selenium.chrome.ChromeDriverService.access$000(ChromeDriverService.java:35)
at org.openqa.selenium.chrome.ChromeDriverService$Builder.findDefaultExecutable(ChromeDriverService.java:159)
at org.openqa.selenium.remote.service.DriverService$Builder.build(DriverService.java:355)
at org.openqa.selenium.chrome.ChromeDriverService.createDefaultService(ChromeDriverService.java:94)
at org.openqa.selenium.chrome.ChromeDriver.<init>(ChromeDriver.java:123)
at Base.CommonAPI.getLocalDriver(CommonAPI.java:125)
at Base.CommonAPI.setUp(CommonAPI.java:111)
at sun.reflect.NativeMethodAccessorImpl.invoke0(Native Method)
at sun.reflect.NativeMethodAccessorImpl.invoke(NativeMethodAccessorImpl.java:62)
at sun.reflect.DelegatingMethodAccessorImpl.invoke(DelegatingMethodAccessorImpl.java:43)
at java.lang.reflect.Method.invoke(Method.java:498)
at org.testng.internal.MethodInvocationHelper.invokeMethod(MethodInvocationHelper.java:124)
at org.testng.internal.MethodInvocationHelper.invokeMethodConsideringTimeout(MethodInvocationHelper.java:59)
at org.testng.internal.Invoker.invokeConfigurationMethod(Invoker.java:458)
at org.testng.internal.Invoker.invokeConfigurations(Invoker.java:222)
at org.testng.internal.Invoker.invokeMethod(Invoker.java:523)
at org.testng.internal.Invoker.invokeTestMethod(Invoker.java:719)
at org.testng.internal.Invoker.invokeTestMethods(Invoker.java:989)
at org.testng.internal.TestMethodWorker.invokeTestMethods(TestMethodWorker.java:125)
at org.testng.internal.TestMethodWorker.run(TestMethodWorker.java:109)
at org.testng.TestRunner.privateRun(TestRunner.java:648)
at org.testng.TestRunner.run(TestRunner.java:505)
at org.testng.SuiteRunner.runTest(SuiteRunner.java:455)
at org.testng.SuiteRunner.access$000(SuiteRunner.java:40)
at org.testng.SuiteRunner$SuiteWorker.run(SuiteRunner.java:489)
at org.testng.internal.thread.ThreadUtil$1.call(ThreadUtil.java:52)
at java.util.concurrent.FutureTask.run(FutureTask.java:266)
at java.util.concurrent.ThreadPoolExecutor.runWorker(ThreadPoolExecutor.java:1149)
at java.util.concurrent.ThreadPoolExecutor$Worker.run(ThreadPoolExecutor.java:624)
at java.lang.Thread.run(Thread.java:748)
]]>
    </error>
  </testcase> <!-- setUp -->
  <testcase name="TwitterIcon" time="0.000" classname="testNYPpages.testMainPage">
    <skipped/>
  </testcase> <!-- TwitterIcon -->
  <testcase name="GlobalServices" time="0.000" classname="testNYPpages.testMainPage">
    <skipped/>
  </testcase> <!-- GlobalServices -->
  <testcase name="HealthLibrary" time="0.000" classname="testNYPpages.testMainPage">
    <skipped/>
  </testcase> <!-- HealthLibrary -->
  <testcase name="Locations" time="0.001" classname="testNYPpages.testMainPage">
    <skipped/>
  </testcase> <!-- Locations -->
</testsuite> <!-- testNYPpages.testMainPage -->
