-------------------------------------------------------------------------------
Test set: TestSuite
-------------------------------------------------------------------------------
Tests run: 127, Failures: 1, Errors: 0, Skipped: 126, Time elapsed: 0.741 s <<< FAILURE! - in TestSuite
setUp(testNYPpages.testMainPage)  Time elapsed: 0.531 s  <<< FAILURE!
java.lang.IllegalStateException: The path to the driver executable must be set by the webdriver.chrome.driver system property; for more information, see https://github.com/SeleniumHQ/selenium/wiki/ChromeDriver. The latest version can be downloaded from http://chromedriver.storage.googleapis.com/index.html

